SF:lib/src/open_meteo_api_client.dart
DA:20,1
DA:21,1
DA:28,1
DA:29,1
DA:32,1
DA:35,2
DA:37,3
DA:39,2
DA:41,2
DA:43,1
DA:45,2
DA:47,2
DA:50,1
DA:54,2
DA:55,1
DA:56,1
DA:60,2
DA:62,3
DA:65,2
DA:67,1
DA:68,1
DA:71,1
DA:73,1
LF:23
LH:23
end_of_record
SF:lib/src/models/location.dart
DA:7,2
DA:14,2
DA:15,2
LF:3
LH:3
end_of_record
SF:lib/src/models/location.g.dart
DA:11,4
DA:14,2
DA:15,2
DA:16,4
DA:17,4
DA:18,6
DA:19,6
LF:7
LH:7
end_of_record
SF:lib/src/models/weather.dart
DA:7,2
DA:12,2
DA:13,2
LF:3
LH:3
end_of_record
SF:lib/src/models/weather.g.dart
DA:11,4
DA:14,2
DA:15,2
DA:17,6
DA:19,6
LF:5
LH:5
end_of_record
