SF:lib/main.dart
DA:12,0
DA:13,0
DA:15,0
DA:17,0
DA:18,0
DA:21,0
DA:22,0
DA:27,0
DA:28,0
DA:32,0
LF:10
LH:0
end_of_record
SF:lib/firebase_options.dart
DA:18,0
DA:22,0
DA:23,0
DA:25,0
DA:27,0
DA:29,0
DA:30,0
DA:34,0
DA:35,0
DA:40,0
LF:10
LH:0
end_of_record
SF:lib/src/app.dart
DA:14,0
DA:20,0
DA:22,0
DA:23,0
DA:24,0
DA:25,0
DA:33,4
DA:35,0
DA:37,0
DA:38,0
DA:39,0
DA:40,0
DA:45,0
DA:46,0
LF:14
LH:1
end_of_record
SF:lib/src/features/tutorials/auth/authentication/bloc/authentication_state.dart
DA:5,4
DA:10,4
DA:12,0
DA:13,0
DA:15,4
DA:16,0
DA:21,0
DA:22,0
LF:8
LH:3
end_of_record
SF:lib/src/features/tutorials/auth/authentication/bloc/authentication_bloc.dart
DA:13,0
DA:18,0
DA:19,0
DA:20,0
DA:22,0
DA:23,0
DA:32,0
DA:34,0
DA:36,0
DA:39,0
DA:42,0
DA:43,0
DA:44,0
DA:46,0
DA:47,0
DA:49,0
DA:50,0
DA:51,0
DA:52,0
DA:56,0
DA:59,0
DA:62,0
DA:64,0
LF:23
LH:0
end_of_record
SF:lib/src/features/tutorials/auth/authentication/bloc/authentication_event.dart
DA:4,0
DA:8,0
DA:13,0
DA:14,0
LF:4
LH:0
end_of_record
SF:lib/src/features/thc_observer.dart
DA:4,4
DA:6,0
DA:8,0
DA:10,0
DA:13,0
DA:15,0
DA:17,0
LF:7
LH:1
end_of_record
SF:lib/src/features/resonation/cubit/clap_counter_cubit.dart
DA:4,0
DA:6,0
DA:8,0
DA:9,0
DA:11,0
DA:12,0
LF:6
LH:0
end_of_record
SF:lib/src/features/resonation/view/intro_page.dart
DA:7,0
DA:9,0
DA:11,0
DA:12,0
LF:4
LH:0
end_of_record
SF:lib/src/features/resonation/view/intro_view.dart
DA:11,4
DA:15,0
DA:16,0
DA:29,0
DA:31,0
DA:32,0
DA:38,0
DA:40,0
DA:41,0
DA:42,0
DA:44,0
DA:45,0
DA:48,0
DA:50,0
DA:55,0
DA:57,0
DA:58,0
DA:59,0
DA:63,0
DA:66,0
DA:67,0
DA:72,0
DA:74,0
DA:75,0
DA:76,0
DA:77,0
DA:78,0
DA:79,0
DA:81,0
DA:84,0
DA:87,0
DA:88,0
DA:89,0
DA:90,0
DA:91,0
DA:92,0
DA:93,0
DA:94,0
DA:97,0
DA:102,0
DA:103,0
DA:104,0
DA:105,0
DA:106,0
DA:107,0
DA:109,0
DA:110,0
DA:115,0
DA:118,0
DA:127,0
DA:135,0
DA:158,0
DA:159,0
DA:160,0
DA:171,0
DA:176,0
DA:177,0
DA:178,0
DA:179,0
DA:180,0
DA:181,0
DA:182,0
DA:183,0
LF:63
LH:1
end_of_record
SF:lib/src/features/tutorials/auth/home/view/home_page.dart
DA:6,4
DA:8,0
DA:9,0
DA:12,0
DA:14,0
DA:15,0
DA:16,0
DA:18,0
DA:19,0
DA:20,0
DA:21,0
DA:22,0
DA:25,0
DA:28,0
DA:29,0
DA:31,0
DA:32,0
LF:17
LH:1
end_of_record
SF:lib/src/features/tutorials/auth/login/bloc/login_event.dart
DA:4,4
DA:6,0
DA:7,0
DA:11,0
DA:15,0
DA:16,0
DA:20,0
DA:24,0
DA:25,0
DA:29,4
LF:10
LH:2
end_of_record
SF:lib/src/features/tutorials/auth/login/bloc/login_state.dart
DA:4,4
DA:16,0
DA:22,0
DA:23,0
DA:24,0
DA:25,0
DA:26,0
DA:30,0
DA:31,0
LF:9
LH:1
end_of_record
SF:lib/src/features/tutorials/auth/login/bloc/login_bloc.dart
DA:11,0
DA:14,0
DA:15,0
DA:16,0
DA:17,0
DA:22,0
DA:26,0
DA:28,0
DA:29,0
DA:31,0
DA:32,0
DA:34,0
DA:41,0
DA:43,0
DA:45,0
DA:46,0
DA:48,0
DA:49,0
DA:50,0
DA:58,0
DA:62,0
DA:63,0
DA:66,0
DA:67,0
DA:68,0
DA:71,0
DA:73,0
LF:27
LH:0
end_of_record
SF:lib/src/features/tutorials/auth/login/models/username.dart
DA:6,4
DA:7,0
DA:9,0
DA:11,0
LF:4
LH:1
end_of_record
SF:lib/src/features/tutorials/auth/login/models/password.dart
DA:6,4
DA:7,0
DA:9,0
DA:11,0
LF:4
LH:1
end_of_record
SF:lib/src/features/tutorials/auth/login/view/login_form.dart
DA:7,4
DA:9,0
DA:11,0
DA:12,0
DA:13,0
DA:14,0
DA:15,0
DA:16,0
DA:21,0
DA:23,0
DA:25,0
DA:26,0
DA:28,0
DA:30,0
DA:39,0
DA:41,0
DA:42,0
DA:43,0
DA:44,0
DA:46,0
DA:47,0
DA:48,0
DA:51,0
DA:60,0
DA:62,0
DA:63,0
DA:64,0
DA:65,0
DA:67,0
DA:68,0
DA:70,0
DA:73,0
DA:82,0
DA:84,0
DA:85,0
DA:86,0
DA:87,0
DA:89,0
DA:91,0
DA:92,0
DA:93,0
LF:41
LH:1
end_of_record
SF:lib/src/features/tutorials/auth/login/view/login_page.dart
DA:7,4
DA:9,0
DA:10,0
DA:13,0
DA:15,0
DA:16,0
DA:18,0
DA:19,0
DA:20,0
DA:22,0
LF:10
LH:1
end_of_record
SF:lib/src/features/tutorials/auth/splash/view/splash_page.dart
DA:4,4
DA:6,0
DA:7,0
DA:8,0
DA:12,0
LF:5
LH:1
end_of_record
SF:lib/src/features/tutorials/posts/bloc/post_bloc.dart
DA:11,0
DA:12,0
DA:13,0
DA:18,0
DA:20,0
DA:21,0
DA:22,0
DA:23,0
DA:29,0
DA:30,0
DA:33,0
DA:34,0
DA:36,0
DA:43,0
DA:44,0
DA:45,0
DA:46,0
DA:48,0
DA:52,0
DA:56,0
DA:57,0
DA:58,0
DA:61,0
DA:62,0
DA:68,0
DA:69,0
DA:70,0
DA:71,0
DA:74,0
DA:75,0
DA:76,0
DA:77,0
DA:80,0
DA:83,0
LF:34
LH:0
end_of_record
SF:lib/src/features/tutorials/posts/bloc/post_event.dart
DA:4,0
DA:5,0
LF:2
LH:0
end_of_record
SF:lib/src/features/tutorials/posts/bloc/post_state.dart
DA:7,4
DA:18,0
DA:23,0
DA:24,0
DA:25,0
DA:26,0
DA:30,0
DA:32,0
DA:35,0
DA:36,0
LF:10
LH:1
end_of_record
SF:lib/src/features/tutorials/posts/models/post.dart
DA:4,0
DA:14,0
DA:15,0
LF:3
LH:0
end_of_record
SF:lib/src/features/tutorials/posts/view/posts_list.dart
DA:6,4
DA:8,0
DA:9,0
DA:15,0
DA:17,0
DA:19,0
DA:22,0
DA:24,0
DA:25,0
DA:26,0
DA:28,0
DA:31,0
DA:33,0
DA:34,0
DA:35,0
DA:36,0
DA:40,0
DA:41,0
DA:45,0
DA:46,0
DA:47,0
DA:49,0
DA:54,0
DA:55,0
DA:56,0
DA:57,0
DA:59,0
DA:66,0
DA:67,0
DA:68,0
DA:72,0
DA:73,0
DA:75,0
DA:76,0
DA:78,0
LF:35
LH:1
end_of_record
SF:lib/src/features/tutorials/posts/view/posts_page.dart
DA:7,0
DA:9,0
DA:11,0
DA:12,0
DA:13,0
DA:14,0
DA:15,0
LF:7
LH:0
end_of_record
SF:lib/src/features/tutorials/posts/widgets/bottom_loader.dart
DA:4,4
DA:6,0
LF:2
LH:1
end_of_record
SF:lib/src/features/tutorials/posts/widgets/post_list_item.dart
DA:5,0
DA:12,0
DA:14,0
DA:15,0
DA:16,0
DA:17,0
DA:19,0
DA:21,0
LF:8
LH:0
end_of_record
SF:lib/src/features/tutorials/timer/bloc/timer_event.dart
DA:4,4
DA:8,0
DA:14,4
DA:18,4
DA:22,4
DA:26,0
LF:6
LH:4
end_of_record
SF:lib/src/features/tutorials/timer/bloc/timer_bloc.dart
DA:14,0
DA:16,0
DA:17,0
DA:18,0
DA:19,0
DA:20,0
DA:21,0
DA:24,0
DA:26,0
DA:27,0
DA:38,0
DA:39,0
DA:41,0
DA:42,0
DA:43,0
DA:44,0
DA:47,0
DA:48,0
DA:49,0
DA:50,0
DA:54,0
DA:55,0
DA:56,0
DA:57,0
DA:61,0
DA:62,0
DA:63,0
DA:66,0
DA:67,0
DA:68,0
DA:69,0
LF:31
LH:0
end_of_record
SF:lib/src/features/tutorials/timer/bloc/timer_state.dart
DA:6,4
DA:10,0
DA:11,0
DA:15,4
DA:17,0
DA:18,0
DA:22,0
DA:24,0
DA:25,0
DA:29,0
DA:31,0
DA:32,0
DA:36,4
DA:38,0
DA:39,0
LF:15
LH:3
end_of_record
SF:lib/src/features/tutorials/timer/ticker.dart
DA:2,4
DA:4,0
DA:5,0
DA:6,0
LF:4
LH:1
end_of_record
SF:lib/src/features/tutorials/timer/view/timer_page.dart
DA:6,0
DA:8,0
DA:10,0
DA:11,0
DA:20,4
DA:22,0
DA:24,0
DA:25,0
DA:55,4
DA:57,0
DA:59,0
DA:61,0
DA:62,0
DA:64,0
DA:65,0
DA:66,0
DA:72,4
DA:74,0
DA:76,0
DA:77,0
DA:78,0
DA:79,0
DA:80,0
DA:82,0
DA:84,0
DA:85,0
DA:86,0
DA:87,0
DA:88,0
DA:92,0
DA:93,0
DA:94,0
DA:95,0
DA:98,0
DA:99,0
DA:100,0
DA:104,0
DA:105,0
DA:106,0
DA:107,0
DA:110,0
DA:111,0
DA:112,0
DA:116,0
DA:117,0
DA:118,0
DA:119,0
DA:132,4
DA:134,0
DA:136,0
DA:137,0
DA:138,0
DA:141,0
DA:142,0
DA:143,0
LF:55
LH:4
end_of_record
SF:lib/src/features/tutorials/weather/theme/cubit/theme_state.dart
DA:4,0
DA:6,0
DA:7,0
LF:3
LH:0
end_of_record
SF:lib/src/features/tutorials/weather/theme/cubit/theme_cubit.dart
DA:10,2
DA:14,1
DA:15,2
DA:18,1
DA:20,3
DA:23,1
DA:25,3
DA:30,1
DA:31,1
DA:32,1
DA:34,1
DA:36,1
DA:38,1
DA:40,1
LF:14
LH:14
end_of_record
SF:lib/src/features/tutorials/weather/weather/cubit/weather_cubit.dart
DA:12,6
DA:16,1
DA:17,1
DA:19,3
DA:23,3
DA:24,2
DA:25,1
DA:26,3
DA:27,2
DA:29,1
DA:30,2
DA:33,1
DA:34,1
DA:38,1
DA:39,3
DA:43,1
DA:44,3
DA:45,4
DA:48,1
DA:49,5
DA:51,2
DA:52,1
DA:53,3
DA:54,2
DA:56,1
DA:57,2
DA:59,2
DA:62,1
DA:63,2
DA:67,1
DA:68,3
DA:72,3
DA:73,3
DA:77,2
DA:79,2
DA:80,1
DA:81,1
DA:82,2
DA:83,2
DA:85,1
DA:86,2
DA:88,1
DA:89,1
DA:96,2
DA:98,2
DA:100,2
DA:101,2
LF:47
LH:47
end_of_record
SF:lib/src/features/tutorials/weather/weather/cubit/weather_state.dart
DA:6,0
DA:7,0
DA:8,4
DA:9,0
DA:14,2
DA:18,2
DA:24,2
DA:25,2
DA:27,4
DA:29,1
DA:34,1
DA:35,1
DA:36,1
DA:37,1
DA:41,1
DA:42,4
LF:16
LH:13
end_of_record
SF:lib/src/features/tutorials/weather/weather/cubit/weather_cubit.g.dart
DA:9,2
DA:10,2
DA:13,2
DA:14,2
DA:15,2
DA:17,2
DA:18,2
DA:20,2
DA:22,2
DA:23,2
DA:25,2
DA:27,2
DA:29,2
DA:36,2
DA:37,2
DA:38,4
DA:39,4
DA:41,4
LF:18
LH:18
end_of_record
SF:lib/src/features/tutorials/weather/weather/models/weather.dart
DA:15,2
DA:16,2
DA:20,4
DA:21,4
DA:26,8
DA:32,2
DA:33,2
DA:35,4
DA:37,1
DA:38,2
DA:43,2
DA:55,6
DA:57,2
DA:62,2
DA:63,2
DA:65,1
DA:66,1
DA:67,1
DA:68,1
DA:69,1
DA:70,2
DA:74,4
DA:76,1
DA:82,1
DA:83,1
DA:84,1
DA:85,1
DA:86,0
DA:90,1
DA:91,1
DA:92,1
DA:93,1
DA:94,1
DA:95,1
LF:34
LH:33
end_of_record
SF:lib/src/features/tutorials/weather/weather/models/weather.g.dart
DA:9,4
DA:12,2
DA:13,2
DA:14,6
DA:20,2
DA:21,2
DA:22,2
DA:25,4
DA:28,2
DA:29,2
DA:30,2
DA:31,4
DA:32,2
DA:33,4
DA:34,4
DA:35,2
DA:36,4
DA:43,4
DA:44,4
DA:45,4
DA:46,2
DA:47,4
LF:22
LH:22
end_of_record
SF:lib/src/features/tutorials/weather/weather/view/search_page.dart
DA:4,4
DA:7,1
DA:8,2
DA:11,1
DA:12,1
DA:18,3
DA:20,1
DA:22,2
DA:23,1
DA:26,1
DA:28,1
DA:29,1
DA:32,1
DA:33,1
DA:34,1
DA:35,1
DA:37,1
DA:38,1
DA:46,1
DA:47,4
LF:20
LH:20
end_of_record
SF:lib/src/features/tutorials/weather/weather/view/settings_page.dart
DA:6,4
DA:8,1
DA:9,1
DA:10,2
DA:17,1
DA:19,1
DA:20,1
DA:23,1
DA:24,1
DA:25,1
DA:26,0
DA:27,0
DA:28,1
DA:29,1
DA:35,1
DA:36,2
DA:37,0
DA:38,0
LF:18
LH:14
end_of_record
SF:lib/src/features/tutorials/weather/weather/view/weather_page.dart
DA:7,5
DA:9,1
DA:11,1
DA:12,2
DA:13,1
DA:21,5
DA:23,1
DA:24,1
DA:28,1
DA:30,1
DA:32,1
DA:33,1
DA:34,1
DA:35,1
DA:36,2
DA:37,2
DA:44,1
DA:45,1
DA:46,1
DA:47,2
DA:48,3
DA:51,1
DA:52,1
DA:53,1
DA:55,1
DA:57,1
DA:58,1
DA:59,1
DA:60,2
DA:62,1
DA:63,1
DA:66,1
DA:73,1
DA:74,1
DA:75,3
DA:77,1
DA:79,2
LF:37
LH:37
end_of_record
SF:lib/src/features/tutorials/weather/weather/widgets/weather_empty.dart
DA:4,4
DA:6,1
DA:8,1
DA:10,1
DA:12,1
DA:17,1
DA:19,2
LF:7
LH:7
end_of_record
SF:lib/src/features/tutorials/weather/weather/widgets/weather_error.dart
DA:4,4
DA:6,1
DA:8,1
DA:10,1
DA:12,1
DA:17,1
DA:19,2
LF:7
LH:7
end_of_record
SF:lib/src/features/tutorials/weather/weather/widgets/weather_loading.dart
DA:4,4
DA:6,1
DA:8,1
DA:10,1
DA:12,1
DA:14,1
DA:16,2
LF:7
LH:7
end_of_record
SF:lib/src/features/tutorials/weather/weather/widgets/weather_populated.dart
DA:6,1
DA:17,1
DA:19,1
DA:21,1
DA:22,1
DA:23,1
DA:24,1
DA:25,1
DA:26,1
DA:29,1
DA:30,1
DA:31,1
DA:33,3
DA:34,1
DA:35,2
DA:36,3
DA:40,1
DA:41,3
DA:42,3
DA:46,1
DA:47,5
DA:60,1
DA:68,1
DA:70,1
DA:71,2
DA:78,1
DA:80,1
DA:82,1
DA:84,1
DA:86,1
DA:88,1
DA:96,1
DA:98,3
DA:100,1
DA:101,1
DA:102,1
DA:103,1
DA:107,1
DA:109,1
DA:110,1
DA:111,1
DA:121,1
DA:123,3
DA:127,1
DA:129,1
DA:130,1
DA:131,6
DA:132,6
DA:133,6
DA:139,1
DA:140,5
LF:51
LH:51
end_of_record
SF:lib/src/themes/app_theme.dart
DA:6,0
DA:9,0
DA:10,0
DA:11,0
DA:14,0
DA:19,0
DA:20,0
DA:23,0
DA:25,0
LF:9
LH:0
end_of_record
